{"C:\\FILE KULIAH PNB\\SEMESTER 4\\Pengujian Implementasi Sistem\\google-keep-clone\\src\\controllers\\noteController.js": {"path":"C:\\FILE KULIAH PNB\\SEMESTER 4\\Pengujian Implementasi Sistem\\google-keep-clone\\src\\controllers\\noteController.js","statementMap":{"0":{"start":{"line":1,"column":13},"end":{"line":1,"column":43}},"1":{"start":{"line":4,"column":0},"end":{"line":11,"column":2}},"2":{"start":{"line":5,"column":4},"end":{"line":10,"column":5}},"3":{"start":{"line":6,"column":22},"end":{"line":6,"column":41}},"4":{"start":{"line":7,"column":8},"end":{"line":7,"column":36}},"5":{"start":{"line":9,"column":8},"end":{"line":9,"column":55}},"6":{"start":{"line":14,"column":0},"end":{"line":22,"column":2}},"7":{"start":{"line":15,"column":4},"end":{"line":21,"column":5}},"8":{"start":{"line":16,"column":53},"end":{"line":16,"column":61}},"9":{"start":{"line":17,"column":23},"end":{"line":17,"column":74}},"10":{"start":{"line":18,"column":8},"end":{"line":18,"column":81}},"11":{"start":{"line":20,"column":8},"end":{"line":20,"column":55}},"12":{"start":{"line":25,"column":0},"end":{"line":33,"column":2}},"13":{"start":{"line":26,"column":4},"end":{"line":32,"column":5}},"14":{"start":{"line":27,"column":23},"end":{"line":27,"column":33}},"15":{"start":{"line":28,"column":8},"end":{"line":28,"column":34}},"16":{"start":{"line":29,"column":8},"end":{"line":29,"column":75}},"17":{"start":{"line":31,"column":8},"end":{"line":31,"column":55}},"18":{"start":{"line":36,"column":0},"end":{"line":50,"column":2}},"19":{"start":{"line":37,"column":4},"end":{"line":49,"column":5}},"20":{"start":{"line":38,"column":23},"end":{"line":38,"column":33}},"21":{"start":{"line":39,"column":35},"end":{"line":39,"column":43}},"22":{"start":{"line":43,"column":8},"end":{"line":43,"column":46}},"23":{"start":{"line":45,"column":8},"end":{"line":45,"column":73}},"24":{"start":{"line":47,"column":8},"end":{"line":47,"column":53}},"25":{"start":{"line":48,"column":8},"end":{"line":48,"column":55}},"26":{"start":{"line":53,"column":0},"end":{"line":60,"column":2}},"27":{"start":{"line":54,"column":4},"end":{"line":59,"column":5}},"28":{"start":{"line":55,"column":22},"end":{"line":55,"column":46}},"29":{"start":{"line":56,"column":8},"end":{"line":56,"column":36}},"30":{"start":{"line":58,"column":8},"end":{"line":58,"column":55}},"31":{"start":{"line":63,"column":0},"end":{"line":70,"column":2}},"32":{"start":{"line":64,"column":4},"end":{"line":69,"column":5}},"33":{"start":{"line":65,"column":22},"end":{"line":65,"column":45}},"34":{"start":{"line":66,"column":8},"end":{"line":66,"column":36}},"35":{"start":{"line":68,"column":8},"end":{"line":68,"column":55}},"36":{"start":{"line":73,"column":0},"end":{"line":82,"column":2}},"37":{"start":{"line":74,"column":4},"end":{"line":81,"column":5}},"38":{"start":{"line":75,"column":23},"end":{"line":75,"column":33}},"39":{"start":{"line":76,"column":32},"end":{"line":76,"column":40}},"40":{"start":{"line":77,"column":8},"end":{"line":77,"column":56}},"41":{"start":{"line":78,"column":8},"end":{"line":78,"column":78}},"42":{"start":{"line":80,"column":8},"end":{"line":80,"column":55}},"43":{"start":{"line":85,"column":0},"end":{"line":93,"column":2}},"44":{"start":{"line":86,"column":4},"end":{"line":92,"column":5}},"45":{"start":{"line":87,"column":23},"end":{"line":87,"column":33}},"46":{"start":{"line":88,"column":8},"end":{"line":88,"column":31}},"47":{"start":{"line":89,"column":8},"end":{"line":89,"column":73}},"48":{"start":{"line":91,"column":8},"end":{"line":91,"column":55}},"49":{"start":{"line":96,"column":0},"end":{"line":104,"column":2}},"50":{"start":{"line":97,"column":4},"end":{"line":103,"column":5}},"51":{"start":{"line":98,"column":23},"end":{"line":98,"column":33}},"52":{"start":{"line":99,"column":8},"end":{"line":99,"column":41}},"53":{"start":{"line":100,"column":8},"end":{"line":100,"column":84}},"54":{"start":{"line":102,"column":8},"end":{"line":102,"column":55}},"55":{"start":{"line":106,"column":0},"end":{"line":118,"column":2}},"56":{"start":{"line":107,"column":4},"end":{"line":117,"column":5}},"57":{"start":{"line":108,"column":23},"end":{"line":108,"column":33}},"58":{"start":{"line":109,"column":30},"end":{"line":109,"column":38}},"59":{"start":{"line":112,"column":8},"end":{"line":112,"column":50}},"60":{"start":{"line":114,"column":8},"end":{"line":114,"column":88}},"61":{"start":{"line":116,"column":8},"end":{"line":116,"column":55}},"62":{"start":{"line":121,"column":0},"end":{"line":129,"column":2}},"63":{"start":{"line":122,"column":4},"end":{"line":128,"column":5}},"64":{"start":{"line":123,"column":23},"end":{"line":123,"column":33}},"65":{"start":{"line":124,"column":28},"end":{"line":124,"column":52}},"66":{"start":{"line":125,"column":8},"end":{"line":125,"column":94}},"67":{"start":{"line":127,"column":8},"end":{"line":127,"column":55}},"68":{"start":{"line":132,"column":0},"end":{"line":141,"column":2}},"69":{"start":{"line":133,"column":4},"end":{"line":140,"column":5}},"70":{"start":{"line":134,"column":23},"end":{"line":134,"column":33}},"71":{"start":{"line":135,"column":26},"end":{"line":135,"column":34}},"72":{"start":{"line":136,"column":8},"end":{"line":136,"column":42}},"73":{"start":{"line":137,"column":8},"end":{"line":137,"column":86}},"74":{"start":{"line":139,"column":8},"end":{"line":139,"column":55}},"75":{"start":{"line":144,"column":0},"end":{"line":153,"column":2}},"76":{"start":{"line":145,"column":4},"end":{"line":152,"column":5}},"77":{"start":{"line":146,"column":27},"end":{"line":146,"column":37}},"78":{"start":{"line":147,"column":22},"end":{"line":147,"column":53}},"79":{"start":{"line":148,"column":23},"end":{"line":148,"column":58}},"80":{"start":{"line":149,"column":8},"end":{"line":149,"column":37}},"81":{"start":{"line":151,"column":8},"end":{"line":151,"column":55}},"82":{"start":{"line":155,"column":0},"end":{"line":165,"column":2}},"83":{"start":{"line":156,"column":4},"end":{"line":164,"column":5}},"84":{"start":{"line":157,"column":23},"end":{"line":157,"column":33}},"85":{"start":{"line":158,"column":34},"end":{"line":158,"column":42}},"86":{"start":{"line":160,"column":8},"end":{"line":160,"column":53}},"87":{"start":{"line":161,"column":8},"end":{"line":161,"column":65}},"88":{"start":{"line":163,"column":8},"end":{"line":163,"column":55}}},"fnMap":{"0":{"name":"(anonymous_0)","decl":{"start":{"line":4,"column":19},"end":{"line":4,"column":20}},"loc":{"start":{"line":4,"column":39},"end":{"line":11,"column":1}},"line":4},"1":{"name":"(anonymous_1)","decl":{"start":{"line":14,"column":21},"end":{"line":14,"column":22}},"loc":{"start":{"line":14,"column":41},"end":{"line":22,"column":1}},"line":14},"2":{"name":"(anonymous_2)","decl":{"start":{"line":25,"column":21},"end":{"line":25,"column":22}},"loc":{"start":{"line":25,"column":41},"end":{"line":33,"column":1}},"line":25},"3":{"name":"(anonymous_3)","decl":{"start":{"line":36,"column":21},"end":{"line":36,"column":22}},"loc":{"start":{"line":36,"column":41},"end":{"line":50,"column":1}},"line":36},"4":{"name":"(anonymous_4)","decl":{"start":{"line":53,"column":27},"end":{"line":53,"column":28}},"loc":{"start":{"line":53,"column":47},"end":{"line":60,"column":1}},"line":53},"5":{"name":"(anonymous_5)","decl":{"start":{"line":63,"column":26},"end":{"line":63,"column":27}},"loc":{"start":{"line":63,"column":46},"end":{"line":70,"column":1}},"line":63},"6":{"name":"(anonymous_6)","decl":{"start":{"line":73,"column":24},"end":{"line":73,"column":25}},"loc":{"start":{"line":73,"column":44},"end":{"line":82,"column":1}},"line":73},"7":{"name":"(anonymous_7)","decl":{"start":{"line":85,"column":27},"end":{"line":85,"column":28}},"loc":{"start":{"line":85,"column":47},"end":{"line":93,"column":1}},"line":85},"8":{"name":"(anonymous_8)","decl":{"start":{"line":96,"column":28},"end":{"line":96,"column":29}},"loc":{"start":{"line":96,"column":48},"end":{"line":104,"column":1}},"line":96},"9":{"name":"(anonymous_9)","decl":{"start":{"line":106,"column":24},"end":{"line":106,"column":25}},"loc":{"start":{"line":106,"column":44},"end":{"line":118,"column":1}},"line":106},"10":{"name":"(anonymous_10)","decl":{"start":{"line":121,"column":24},"end":{"line":121,"column":25}},"loc":{"start":{"line":121,"column":44},"end":{"line":129,"column":1}},"line":121},"11":{"name":"(anonymous_11)","decl":{"start":{"line":132,"column":26},"end":{"line":132,"column":27}},"loc":{"start":{"line":132,"column":46},"end":{"line":141,"column":1}},"line":132},"12":{"name":"(anonymous_12)","decl":{"start":{"line":144,"column":24},"end":{"line":144,"column":25}},"loc":{"start":{"line":144,"column":44},"end":{"line":153,"column":1}},"line":144},"13":{"name":"(anonymous_13)","decl":{"start":{"line":155,"column":22},"end":{"line":155,"column":23}},"loc":{"start":{"line":155,"column":42},"end":{"line":165,"column":1}},"line":155}},"branchMap":{},"s":{"0":1,"1":1,"2":2,"3":2,"4":1,"5":1,"6":1,"7":2,"8":2,"9":2,"10":1,"11":1,"12":1,"13":1,"14":1,"15":1,"16":1,"17":0,"18":1,"19":1,"20":1,"21":1,"22":1,"23":1,"24":0,"25":0,"26":1,"27":0,"28":0,"29":0,"30":0,"31":1,"32":0,"33":0,"34":0,"35":0,"36":1,"37":0,"38":0,"39":0,"40":0,"41":0,"42":0,"43":1,"44":0,"45":0,"46":0,"47":0,"48":0,"49":1,"50":0,"51":0,"52":0,"53":0,"54":0,"55":1,"56":1,"57":1,"58":1,"59":1,"60":1,"61":0,"62":1,"63":1,"64":1,"65":1,"66":1,"67":0,"68":1,"69":0,"70":0,"71":0,"72":0,"73":0,"74":0,"75":1,"76":0,"77":0,"78":0,"79":0,"80":0,"81":0,"82":1,"83":0,"84":0,"85":0,"86":0,"87":0,"88":0},"f":{"0":2,"1":2,"2":1,"3":1,"4":0,"5":0,"6":0,"7":0,"8":0,"9":1,"10":1,"11":0,"12":0,"13":0},"b":{},"_coverageSchema":"1a1c01bbd47fc00a2c39e90264f33305004495a9","hash":"bcb11a41c2fb633e1e2591218fc55fc0b037ea10"}
,"C:\\FILE KULIAH PNB\\SEMESTER 4\\Pengujian Implementasi Sistem\\google-keep-clone\\src\\database\\db.js": {"path":"C:\\FILE KULIAH PNB\\SEMESTER 4\\Pengujian Implementasi Sistem\\google-keep-clone\\src\\database\\db.js","statementMap":{"0":{"start":{"line":1,"column":14},"end":{"line":1,"column":31}},"1":{"start":{"line":2,"column":0},"end":{"line":2,"column":27}},"2":{"start":{"line":5,"column":13},"end":{"line":13,"column":2}},"3":{"start":{"line":16,"column":0},"end":{"line":23,"column":3}},"4":{"start":{"line":17,"column":4},"end":{"line":22,"column":5}},"5":{"start":{"line":18,"column":8},"end":{"line":18,"column":70}},"6":{"start":{"line":20,"column":8},"end":{"line":20,"column":71}},"7":{"start":{"line":21,"column":8},"end":{"line":21,"column":29}},"8":{"start":{"line":26,"column":0},"end":{"line":26,"column":32}}},"fnMap":{"0":{"name":"(anonymous_0)","decl":{"start":{"line":16,"column":19},"end":{"line":16,"column":20}},"loc":{"start":{"line":16,"column":40},"end":{"line":23,"column":1}},"line":16}},"branchMap":{"0":{"loc":{"start":{"line":17,"column":4},"end":{"line":22,"column":5}},"type":"if","locations":[{"start":{"line":17,"column":4},"end":{"line":22,"column":5}},{"start":{"line":19,"column":11},"end":{"line":22,"column":5}}],"line":17}},"s":{"0":1,"1":1,"2":1,"3":1,"4":1,"5":0,"6":1,"7":1,"8":1},"f":{"0":1},"b":{"0":[0,1]},"_coverageSchema":"1a1c01bbd47fc00a2c39e90264f33305004495a9","hash":"1706f128080fd94ec9c393a39c12ec732486f9ee"}
,"C:\\FILE KULIAH PNB\\SEMESTER 4\\Pengujian Implementasi Sistem\\google-keep-clone\\src\\models\\noteModel.js": {"path":"C:\\FILE KULIAH PNB\\SEMESTER 4\\Pengujian Implementasi Sistem\\google-keep-clone\\src\\models\\noteModel.js","statementMap":{"0":{"start":{"line":1,"column":11},"end":{"line":1,"column":36}},"1":{"start":{"line":3,"column":13},"end":{"line":88,"column":1}},"2":{"start":{"line":6,"column":23},"end":{"line":6,"column":118}},"3":{"start":{"line":7,"column":8},"end":{"line":7,"column":20}},"4":{"start":{"line":12,"column":23},"end":{"line":12,"column":118}},"5":{"start":{"line":13,"column":8},"end":{"line":13,"column":20}},"6":{"start":{"line":18,"column":8},"end":{"line":18,"column":114}},"7":{"start":{"line":19,"column":23},"end":{"line":19,"column":98}},"8":{"start":{"line":20,"column":8},"end":{"line":20,"column":20}},"9":{"start":{"line":26,"column":26},"end":{"line":26,"column":44}},"10":{"start":{"line":27,"column":25},"end":{"line":30,"column":9}},"11":{"start":{"line":31,"column":8},"end":{"line":31,"column":31}},"12":{"start":{"line":36,"column":8},"end":{"line":36,"column":101}},"13":{"start":{"line":41,"column":8},"end":{"line":41,"column":102}},"14":{"start":{"line":46,"column":8},"end":{"line":46,"column":114}},"15":{"start":{"line":51,"column":8},"end":{"line":51,"column":94}},"16":{"start":{"line":56,"column":8},"end":{"line":56,"column":63}},"17":{"start":{"line":61,"column":25},"end":{"line":64,"column":9}},"18":{"start":{"line":65,"column":8},"end":{"line":65,"column":22}},"19":{"start":{"line":70,"column":23},"end":{"line":70,"column":123}},"20":{"start":{"line":71,"column":8},"end":{"line":79,"column":9}},"21":{"start":{"line":72,"column":70},"end":{"line":72,"column":77}},"22":{"start":{"line":73,"column":36},"end":{"line":73,"column":69}},"23":{"start":{"line":74,"column":29},"end":{"line":77,"column":13}},"24":{"start":{"line":78,"column":12},"end":{"line":78,"column":35}},"25":{"start":{"line":80,"column":8},"end":{"line":80,"column":56}},"26":{"start":{"line":85,"column":25},"end":{"line":85,"column":95}},"27":{"start":{"line":86,"column":8},"end":{"line":86,"column":22}},"28":{"start":{"line":90,"column":0},"end":{"line":92,"column":1}},"29":{"start":{"line":90,"column":16},"end":{"line":92,"column":1}},"30":{"start":{"line":91,"column":4},"end":{"line":91,"column":82}},"31":{"start":{"line":95,"column":0},"end":{"line":95,"column":22}}},"fnMap":{"0":{"name":"(anonymous_0)","decl":{"start":{"line":5,"column":12},"end":{"line":5,"column":13}},"loc":{"start":{"line":5,"column":24},"end":{"line":8,"column":5}},"line":5},"1":{"name":"(anonymous_1)","decl":{"start":{"line":11,"column":17},"end":{"line":11,"column":18}},"loc":{"start":{"line":11,"column":29},"end":{"line":14,"column":5}},"line":11},"2":{"name":"(anonymous_2)","decl":{"start":{"line":17,"column":16},"end":{"line":17,"column":17}},"loc":{"start":{"line":17,"column":28},"end":{"line":21,"column":5}},"line":17},"3":{"name":"(anonymous_3)","decl":{"start":{"line":24,"column":12},"end":{"line":24,"column":13}},"loc":{"start":{"line":24,"column":56},"end":{"line":32,"column":5}},"line":24},"4":{"name":"(anonymous_4)","decl":{"start":{"line":35,"column":12},"end":{"line":35,"column":13}},"loc":{"start":{"line":35,"column":42},"end":{"line":37,"column":5}},"line":35},"5":{"name":"(anonymous_5)","decl":{"start":{"line":40,"column":25},"end":{"line":40,"column":26}},"loc":{"start":{"line":40,"column":47},"end":{"line":42,"column":5}},"line":40},"6":{"name":"(anonymous_6)","decl":{"start":{"line":45,"column":16},"end":{"line":45,"column":17}},"loc":{"start":{"line":45,"column":30},"end":{"line":47,"column":5}},"line":45},"7":{"name":"(anonymous_7)","decl":{"start":{"line":50,"column":13},"end":{"line":50,"column":14}},"loc":{"start":{"line":50,"column":27},"end":{"line":52,"column":5}},"line":50},"8":{"name":"(anonymous_8)","decl":{"start":{"line":55,"column":23},"end":{"line":55,"column":24}},"loc":{"start":{"line":55,"column":37},"end":{"line":57,"column":5}},"line":55},"9":{"name":"(anonymous_9)","decl":{"start":{"line":60,"column":21},"end":{"line":60,"column":22}},"loc":{"start":{"line":60,"column":46},"end":{"line":66,"column":5}},"line":60},"10":{"name":"(anonymous_10)","decl":{"start":{"line":69,"column":15},"end":{"line":69,"column":16}},"loc":{"start":{"line":69,"column":29},"end":{"line":81,"column":5}},"line":69},"11":{"name":"(anonymous_11)","decl":{"start":{"line":84,"column":17},"end":{"line":84,"column":18}},"loc":{"start":{"line":84,"column":38},"end":{"line":87,"column":5}},"line":84},"12":{"name":"(anonymous_12)","decl":{"start":{"line":90,"column":16},"end":{"line":90,"column":17}},"loc":{"start":{"line":90,"column":36},"end":{"line":92,"column":1}},"line":90}},"branchMap":{"0":{"loc":{"start":{"line":26,"column":26},"end":{"line":26,"column":44}},"type":"binary-expr","locations":[{"start":{"line":26,"column":26},"end":{"line":26,"column":31}},{"start":{"line":26,"column":35},"end":{"line":26,"column":44}}],"line":26},"1":{"loc":{"start":{"line":71,"column":8},"end":{"line":79,"column":9}},"type":"if","locations":[{"start":{"line":71,"column":8},"end":{"line":79,"column":9}},{"start":{},"end":{}}],"line":71},"2":{"loc":{"start":{"line":73,"column":36},"end":{"line":73,"column":69}},"type":"cond-expr","locations":[{"start":{"line":73,"column":44},"end":{"line":73,"column":64}},{"start":{"line":73,"column":67},"end":{"line":73,"column":69}}],"line":73}},"s":{"0":1,"1":1,"2":0,"3":0,"4":0,"5":0,"6":0,"7":0,"8":0,"9":0,"10":0,"11":0,"12":0,"13":0,"14":0,"15":0,"16":0,"17":0,"18":0,"19":0,"20":0,"21":0,"22":0,"23":0,"24":0,"25":0,"26":0,"27":0,"28":1,"29":1,"30":0,"31":1},"f":{"0":0,"1":0,"2":0,"3":0,"4":0,"5":0,"6":0,"7":0,"8":0,"9":0,"10":0,"11":0,"12":0},"b":{"0":[0,0],"1":[0,0],"2":[0,0]},"_coverageSchema":"1a1c01bbd47fc00a2c39e90264f33305004495a9","hash":"02f745ec22f2bf5abe6eb7952e2811973c5dcab7"}
}
