TN:
SF:src\controllers\noteController.js
FN:4,(anonymous_0)
FN:14,(anonymous_1)
FN:25,(anonymous_2)
FN:36,(anonymous_3)
FN:53,(anonymous_4)
FN:63,(anonymous_5)
FN:73,(anonymous_6)
FN:85,(anonymous_7)
FN:96,(anonymous_8)
FN:106,(anonymous_9)
FN:121,(anonymous_10)
FN:132,(anonymous_11)
FN:144,(anonymous_12)
FN:155,(anonymous_13)
FNF:14
FNH:6
FNDA:2,(anonymous_0)
FNDA:2,(anonymous_1)
FNDA:1,(anonymous_2)
FNDA:1,(anonymous_3)
FNDA:0,(anonymous_4)
FNDA:0,(anonymous_5)
FNDA:0,(anonymous_6)
FNDA:0,(anonymous_7)
FNDA:0,(anonymous_8)
FNDA:1,(anonymous_9)
FNDA:1,(anonymous_10)
FNDA:0,(anonymous_11)
FNDA:0,(anonymous_12)
FNDA:0,(anonymous_13)
DA:1,1
DA:4,1
DA:5,2
DA:6,2
DA:7,1
DA:9,1
DA:14,1
DA:15,2
DA:16,2
DA:17,2
DA:18,1
DA:20,1
DA:25,1
DA:26,1
DA:27,1
DA:28,1
DA:29,1
DA:31,0
DA:36,1
DA:37,1
DA:38,1
DA:39,1
DA:43,1
DA:45,1
DA:47,0
DA:48,0
DA:53,1
DA:54,0
DA:55,0
DA:56,0
DA:58,0
DA:63,1
DA:64,0
DA:65,0
DA:66,0
DA:68,0
DA:73,1
DA:74,0
DA:75,0
DA:76,0
DA:77,0
DA:78,0
DA:80,0
DA:85,1
DA:86,0
DA:87,0
DA:88,0
DA:89,0
DA:91,0
DA:96,1
DA:97,0
DA:98,0
DA:99,0
DA:100,0
DA:102,0
DA:106,1
DA:107,1
DA:108,1
DA:109,1
DA:112,1
DA:114,1
DA:116,0
DA:121,1
DA:122,1
DA:123,1
DA:124,1
DA:125,1
DA:127,0
DA:132,1
DA:133,0
DA:134,0
DA:135,0
DA:136,0
DA:137,0
DA:139,0
DA:144,1
DA:145,0
DA:146,0
DA:147,0
DA:148,0
DA:149,0
DA:151,0
DA:155,1
DA:156,0
DA:157,0
DA:158,0
DA:160,0
DA:161,0
DA:163,0
LF:89
LH:42
BRF:0
BRH:0
end_of_record
TN:
SF:src\database\db.js
FN:16,(anonymous_0)
FNF:1
FNH:1
FNDA:1,(anonymous_0)
DA:1,1
DA:2,1
DA:5,1
DA:16,1
DA:17,1
DA:18,0
DA:20,1
DA:21,1
DA:26,1
LF:9
LH:8
BRDA:17,0,0,0
BRDA:17,0,1,1
BRF:2
BRH:1
end_of_record
TN:
SF:src\models\noteModel.js
FN:5,(anonymous_0)
FN:11,(anonymous_1)
FN:17,(anonymous_2)
FN:24,(anonymous_3)
FN:35,(anonymous_4)
FN:40,(anonymous_5)
FN:45,(anonymous_6)
FN:50,(anonymous_7)
FN:55,(anonymous_8)
FN:60,(anonymous_9)
FN:69,(anonymous_10)
FN:84,(anonymous_11)
FN:90,(anonymous_12)
FNF:13
FNH:0
FNDA:0,(anonymous_0)
FNDA:0,(anonymous_1)
FNDA:0,(anonymous_2)
FNDA:0,(anonymous_3)
FNDA:0,(anonymous_4)
FNDA:0,(anonymous_5)
FNDA:0,(anonymous_6)
FNDA:0,(anonymous_7)
FNDA:0,(anonymous_8)
FNDA:0,(anonymous_9)
FNDA:0,(anonymous_10)
FNDA:0,(anonymous_11)
FNDA:0,(anonymous_12)
DA:1,1
DA:3,1
DA:6,0
DA:7,0
DA:12,0
DA:13,0
DA:18,0
DA:19,0
DA:20,0
DA:26,0
DA:27,0
DA:31,0
DA:36,0
DA:41,0
DA:46,0
DA:51,0
DA:56,0
DA:61,0
DA:65,0
DA:70,0
DA:71,0
DA:72,0
DA:73,0
DA:74,0
DA:78,0
DA:80,0
DA:85,0
DA:86,0
DA:90,1
DA:91,0
DA:95,1
LF:31
LH:4
BRDA:26,0,0,0
BRDA:26,0,1,0
BRDA:71,1,0,0
BRDA:71,1,1,0
BRDA:73,2,0,0
BRDA:73,2,1,0
BRF:6
BRH:0
end_of_record
